{
    "ffa_boxcar_filter_v1_gen0_prog0": {
        "id": "ffa_boxcar_filter_v1_gen0_prog0",
        "code": "import numpy as np\nimport math\n\ndef boxcar_matched_filter(profile: np.ndarray, width: int) -> np.ndarray:\n    n = len(profile)\n    width = min(width, n)\n    extended = np.concatenate([profile, profile[:width-1]])\n    prefix = np.zeros(len(extended)+1)\n    prefix[1:] = np.cumsum(extended)\n    result = np.zeros(n)\n    \n    for i in range(n):\n        result[i] = (prefix[i+width] - prefix[i]) / math.sqrt(width)\n    \n    return result",
        "fitness_scores": {
            "correctness": 0.0,
            "runtime_ms": Infinity,
            "passed_tests": 0.0,
            "total_tests": 0.0,
            "highest_level_passed": -1.0
        },
        "generation": 0,
        "parent_id": null,
        "island_id": 0,
        "errors": [
            "Execution Error at Level 0 ('default_level'): Execution failed with exit code 1. Docker error: 'Traceback (most recent call last):\n  File \"/app/user_code/temp_script.py\", line 8, in <module>\n    import numpy as np\nModuleNotFoundError: No module named 'numpy''"
        ],
        "status": "failed_evaluation",
        "created_at": 1769671146.549627,
        "task_id": null
    },
    "ffa_boxcar_filter_v1_gen0_prog1": {
        "id": "ffa_boxcar_filter_v1_gen0_prog1",
        "code": "import numpy as np\nimport math\n\ndef boxcar_matched_filter(profile: np.ndarray, width: int) -> np.ndarray:\n    n = len(profile)\n    width = min(width, n)\n    extended = np.concatenate([profile, profile[:width-1]])\n    prefix = np.zeros(len(extended)+1)\n    prefix[1:] = np.cumsum(extended)\n    result = np.zeros(n)\n    for i in range(n):\n        result[i] = (prefix[i+width] - prefix[i]) / math.sqrt(width)\n    return result",
        "fitness_scores": {
            "correctness": 0.0,
            "runtime_ms": Infinity,
            "passed_tests": 0.0,
            "total_tests": 0.0,
            "highest_level_passed": -1.0
        },
        "generation": 0,
        "parent_id": null,
        "island_id": 1,
        "errors": [
            "Execution Error at Level 0 ('default_level'): Execution failed with exit code 1. Docker error: 'Traceback (most recent call last):\n  File \"/app/user_code/temp_script.py\", line 8, in <module>\n    import numpy as np\nModuleNotFoundError: No module named 'numpy''"
        ],
        "status": "failed_evaluation",
        "created_at": 1769671146.5506794,
        "task_id": null
    },
    "ffa_boxcar_filter_v1_gen0_prog2": {
        "id": "ffa_boxcar_filter_v1_gen0_prog2",
        "code": "import numpy as np\nimport math\n\ndef boxcar_matched_filter(profile: np.ndarray, width: int) -> np.ndarray:\n    n = len(profile)\n    width = min(width, n)\n    \n    extended = np.concatenate([profile, profile[:width-1]])\n    prefix = np.zeros(len(extended)+1)\n    prefix[1:] = np.cumsum(extended)\n    \n    result = np.zeros(n)\n    for i in range(n):\n        result[i] = (prefix[i+width] - prefix[i]) / math.sqrt(width)\n    \n    return result",
        "fitness_scores": {
            "correctness": 0.0,
            "runtime_ms": Infinity,
            "passed_tests": 0.0,
            "total_tests": 0.0,
            "highest_level_passed": -1.0
        },
        "generation": 0,
        "parent_id": null,
        "island_id": 1,
        "errors": [
            "Execution Error at Level 0 ('default_level'): Execution failed with exit code 1. Docker error: 'Traceback (most recent call last):\n  File \"/app/user_code/temp_script.py\", line 8, in <module>\n    import numpy as np\nModuleNotFoundError: No module named 'numpy''"
        ],
        "status": "failed_evaluation",
        "created_at": 1769671146.5513644,
        "task_id": null
    },
    "ffa_boxcar_filter_v1_gen0_prog3": {
        "id": "ffa_boxcar_filter_v1_gen0_prog3",
        "code": "import numpy as np\nimport math\n\ndef boxcar_matched_filter(profile: np.ndarray, width: int) -> np.ndarray:\n    n = len(profile)\n    width = min(width, n)\n    \n    extended = np.concatenate([profile, profile[:width-1]])\n    prefix = np.zeros(len(extended)+1)\n    prefix[1:] = np.cumsum(extended)\n    \n    result = np.zeros(n)\n    for i in range(n):\n        result[i] = (prefix[i+width] - prefix[i]) / math.sqrt(width)\n    \n    return result",
        "fitness_scores": {
            "correctness": 0.0,
            "runtime_ms": Infinity,
            "passed_tests": 0.0,
            "total_tests": 0.0,
            "highest_level_passed": -1.0
        },
        "generation": 0,
        "parent_id": null,
        "island_id": 3,
        "errors": [
            "Execution Error at Level 0 ('default_level'): Execution failed with exit code 1. Docker error: 'Traceback (most recent call last):\n  File \"/app/user_code/temp_script.py\", line 8, in <module>\n    import numpy as np\nModuleNotFoundError: No module named 'numpy''"
        ],
        "status": "failed_evaluation",
        "created_at": 1769671146.5520558,
        "task_id": null
    },
    "ffa_boxcar_filter_v1_gen0_prog4": {
        "id": "ffa_boxcar_filter_v1_gen0_prog4",
        "code": "import numpy as np\nimport math\n\ndef boxcar_matched_filter(profile: np.ndarray, width: int) -> np.ndarray:\n    n = len(profile)\n    width = min(width, n)\n    \n    extended = np.concatenate([profile, profile[:width-1]])\n    prefix = np.zeros(len(extended) + 1)\n    prefix[1:] = np.cumsum(extended)\n    \n    result = np.zeros(n)\n    for i in range(n):\n        result[i] = (prefix[i + width] - prefix[i]) / math.sqrt(width)\n    \n    return result",
        "fitness_scores": {
            "correctness": 0.0,
            "runtime_ms": Infinity,
            "passed_tests": 0.0,
            "total_tests": 0.0,
            "highest_level_passed": -1.0
        },
        "generation": 0,
        "parent_id": null,
        "island_id": 3,
        "errors": [
            "Execution Error at Level 0 ('default_level'): Execution failed with exit code 1. Docker error: 'Traceback (most recent call last):\n  File \"/app/user_code/temp_script.py\", line 8, in <module>\n    import numpy as np\nModuleNotFoundError: No module named 'numpy''"
        ],
        "status": "failed_evaluation",
        "created_at": 1769671146.5527983,
        "task_id": null
    },
    "ffa_boxcar_filter_v1_gen1_child0_0": {
        "id": "ffa_boxcar_filter_v1_gen1_child0_0",
        "code": "import numpy as np\nimport math\n\ndef boxcar_matched_filter(profile: np.ndarray, width: int) -> np.ndarray:\n    n = len(profile)\n    width = min(width, n)\n    extended = np.concatenate([profile, profile[:width-1]])\n    prefix = np.zeros(len(extended)+1)\n    prefix[1:] = np.cumsum(extended)\n    result = np.zeros(n)\n    \n    for i in range(n):\n        result[i] = (prefix[i+width] - prefix[i]) / np.sqrt(width)\n    \n    return result",
        "fitness_scores": {
            "correctness": 0.0,
            "runtime_ms": Infinity,
            "passed_tests": 0.0,
            "total_tests": 0.0,
            "highest_level_passed": -1.0
        },
        "generation": 1,
        "parent_id": "ffa_boxcar_filter_v1_gen0_prog0",
        "island_id": 0,
        "errors": [
            "Execution Error at Level 0 ('default_level'): Execution failed with exit code 1. Docker error: 'Traceback (most recent call last):\n  File \"/app/user_code/temp_script.py\", line 8, in <module>\n    import numpy as np\nModuleNotFoundError: No module named 'numpy''"
        ],
        "status": "failed_evaluation",
        "created_at": 1769671149.3663735,
        "task_id": null
    },
    "ffa_boxcar_filter_v1_gen1_child0_1": {
        "id": "ffa_boxcar_filter_v1_gen1_child0_1",
        "code": "import numpy as np\nimport math\n\ndef boxcar_matched_filter(profile: np.ndarray, width: int) -> np.ndarray:\n    n = len(profile)\n    width = min(width, n)\n    extended = np.concatenate([profile, profile[:width-1]])\n    prefix = np.zeros(len(extended)+1)\n    prefix[1:] = np.cumsum(extended)\n    result = np.zeros(n)\n    \n    for i in range(n):\n        result[i] = (prefix[i+width] - prefix[i]) / np.sqrt(width)\n    \n    return result",
        "fitness_scores": {
            "correctness": 0.0,
            "runtime_ms": Infinity,
            "passed_tests": 0.0,
            "total_tests": 0.0,
            "highest_level_passed": -1.0
        },
        "generation": 1,
        "parent_id": "ffa_boxcar_filter_v1_gen0_prog0",
        "island_id": 0,
        "errors": [
            "Execution Error at Level 0 ('default_level'): Execution failed with exit code 1. Docker error: 'Traceback (most recent call last):\n  File \"/app/user_code/temp_script.py\", line 8, in <module>\n    import numpy as np\nModuleNotFoundError: No module named 'numpy''"
        ],
        "status": "failed_evaluation",
        "created_at": 1769671149.964228,
        "task_id": null
    },
    "ffa_boxcar_filter_v1_gen1_child0_2": {
        "id": "ffa_boxcar_filter_v1_gen1_child0_2",
        "code": "import numpy as np\nimport math\n\ndef boxcar_matched_filter(profile: np.ndarray, width: int) -> np.ndarray:\n    n = len(profile)\n    width = min(width, n)\n    extended = np.concatenate([profile, profile[:width-1]])\n    prefix = np.zeros(len(extended)+1)\n    prefix[1:] = np.cumsum(extended)\n    result = np.zeros(n)\n    \n    for i in range(n):\n        result[i] = (prefix[i+width] - prefix[i]) / np.sqrt(width)\n    \n    return result",
        "fitness_scores": {
            "correctness": 0.0,
            "runtime_ms": Infinity,
            "passed_tests": 0.0,
            "total_tests": 0.0,
            "highest_level_passed": -1.0
        },
        "generation": 1,
        "parent_id": "ffa_boxcar_filter_v1_gen0_prog0",
        "island_id": 0,
        "errors": [
            "Execution Error at Level 0 ('default_level'): Execution failed with exit code 1. Docker error: 'Traceback (most recent call last):\n  File \"/app/user_code/temp_script.py\", line 8, in <module>\n    import numpy as np\nModuleNotFoundError: No module named 'numpy''"
        ],
        "status": "failed_evaluation",
        "created_at": 1769671149.3586562,
        "task_id": null
    },
    "ffa_boxcar_filter_v1_gen1_child1_0": {
        "id": "ffa_boxcar_filter_v1_gen1_child1_0",
        "code": "import numpy as np\nimport math\n\ndef boxcar_matched_filter(profile: np.ndarray, width: int) -> np.ndarray:\n    n = len(profile)\n    width = min(width, n)\n    extended = np.concatenate([profile, profile[:width-1]])\n    prefix = np.zeros(len(extended)+1)\n    prefix[1:] = np.cumsum(extended)\n    result = np.zeros(n)\n    for i in range(n):\n        result[i] = (prefix[i+width] - prefix[i]) / np.sqrt(width)\n    return result",
        "fitness_scores": {
            "correctness": 0.0,
            "runtime_ms": Infinity,
            "passed_tests": 0.0,
            "total_tests": 0.0,
            "highest_level_passed": -1.0
        },
        "generation": 1,
        "parent_id": "ffa_boxcar_filter_v1_gen0_prog1",
        "island_id": 1,
        "errors": [
            "Execution Error at Level 0 ('default_level'): Execution failed with exit code 1. Docker error: 'Traceback (most recent call last):\n  File \"/app/user_code/temp_script.py\", line 8, in <module>\n    import numpy as np\nModuleNotFoundError: No module named 'numpy''"
        ],
        "status": "failed_evaluation",
        "created_at": 1769671152.750338,
        "task_id": null
    },
    "ffa_boxcar_filter_v1_gen1_child1_1": {
        "id": "ffa_boxcar_filter_v1_gen1_child1_1",
        "code": "import numpy as np\nimport math\n\ndef boxcar_matched_filter(profile: np.ndarray, width: int) -> np.ndarray:\n    n = len(profile)\n    width = min(width, n)\n    extended = np.concatenate([profile, profile[:width-1]])\n    prefix = np.zeros(len(extended)+1)\n    prefix[1:] = np.cumsum(extended)\n    result = np.zeros(n)\n    for i in range(n):\n        result[i] = (prefix[i+width] - prefix[i]) / np.sqrt(width)\n    return result",
        "fitness_scores": {
            "correctness": 0.0,
            "runtime_ms": Infinity,
            "passed_tests": 0.0,
            "total_tests": 0.0,
            "highest_level_passed": -1.0
        },
        "generation": 1,
        "parent_id": "ffa_boxcar_filter_v1_gen0_prog1",
        "island_id": 1,
        "errors": [
            "Execution Error at Level 0 ('default_level'): Execution failed with exit code 1. Docker error: 'Traceback (most recent call last):\n  File \"/app/user_code/temp_script.py\", line 8, in <module>\n    import numpy as np\nModuleNotFoundError: No module named 'numpy''"
        ],
        "status": "failed_evaluation",
        "created_at": 1769671149.7545934,
        "task_id": null
    },
    "ffa_boxcar_filter_v1_gen1_child1_2": {
        "id": "ffa_boxcar_filter_v1_gen1_child1_2",
        "code": "import numpy as np\nimport math\n\ndef boxcar_matched_filter(profile: np.ndarray, width: int) -> np.ndarray:\n    n = len(profile)\n    width = min(width, n)\n    extended = np.concatenate([profile, profile[:width-1]])\n    prefix = np.zeros(len(extended)+1)\n    prefix[1:] = np.cumsum(extended)\n    result = np.zeros(n)\n    for i in range(n):\n        result[i] = (prefix[i+width] - prefix[i]) / np.sqrt(width)\n    return result",
        "fitness_scores": {
            "correctness": 0.0,
            "runtime_ms": Infinity,
            "passed_tests": 0.0,
            "total_tests": 0.0,
            "highest_level_passed": -1.0
        },
        "generation": 1,
        "parent_id": "ffa_boxcar_filter_v1_gen0_prog1",
        "island_id": 1,
        "errors": [
            "Execution Error at Level 0 ('default_level'): Execution failed with exit code 1. Docker error: 'Traceback (most recent call last):\n  File \"/app/user_code/temp_script.py\", line 8, in <module>\n    import numpy as np\nModuleNotFoundError: No module named 'numpy''"
        ],
        "status": "failed_evaluation",
        "created_at": 1769671149.352664,
        "task_id": null
    },
    "ffa_boxcar_filter_v1_gen2_child0_0": {
        "id": "ffa_boxcar_filter_v1_gen2_child0_0",
        "code": "import numpy as np\nimport math\n\ndef boxcar_matched_filter(profile: np.ndarray, width: int) -> np.ndarray:\n    n = len(profile)\n    width = min(width, n)\n    extended = np.concatenate([profile, profile[:width-1]])\n    prefix = np.zeros(len(extended)+1)\n    prefix[1:] = np.cumsum(extended)\n    result = np.zeros(n)\n    \n    for i in range(n):\n        result[i] = (prefix[i+width] - prefix[i]) / np.sqrt(width)\n    \n    return result",
        "fitness_scores": {
            "correctness": 0.0,
            "runtime_ms": Infinity,
            "passed_tests": 0.0,
            "total_tests": 0.0,
            "highest_level_passed": -1.0
        },
        "generation": 2,
        "parent_id": "ffa_boxcar_filter_v1_gen0_prog0",
        "island_id": 0,
        "errors": [
            "Execution Error at Level 0 ('default_level'): Execution failed with exit code 1. Docker error: 'Traceback (most recent call last):\n  File \"/app/user_code/temp_script.py\", line 8, in <module>\n    import numpy as np\nModuleNotFoundError: No module named 'numpy''"
        ],
        "status": "failed_evaluation",
        "created_at": 1769671155.6279454,
        "task_id": null
    },
    "ffa_boxcar_filter_v1_gen2_child0_1": {
        "id": "ffa_boxcar_filter_v1_gen2_child0_1",
        "code": "import numpy as np\nimport math\n\ndef boxcar_matched_filter(profile: np.ndarray, width: int) -> np.ndarray:\n    n = len(profile)\n    width = min(width, n)\n    extended = np.concatenate([profile, profile[:width-1]])\n    prefix = np.zeros(len(extended)+1)\n    prefix[1:] = np.cumsum(extended)\n    result = np.zeros(n)\n    \n    for i in range(n):\n        result[i] = (prefix[i+width] - prefix[i]) / np.sqrt(width)\n    \n    return result",
        "fitness_scores": {
            "correctness": 0.0,
            "runtime_ms": Infinity,
            "passed_tests": 0.0,
            "total_tests": 0.0,
            "highest_level_passed": -1.0
        },
        "generation": 2,
        "parent_id": "ffa_boxcar_filter_v1_gen0_prog0",
        "island_id": 0,
        "errors": [
            "Execution Error at Level 0 ('default_level'): Execution failed with exit code 1. Docker error: 'Traceback (most recent call last):\n  File \"/app/user_code/temp_script.py\", line 8, in <module>\n    import numpy as np\nModuleNotFoundError: No module named 'numpy''"
        ],
        "status": "failed_evaluation",
        "created_at": 1769671155.7154124,
        "task_id": null
    },
    "ffa_boxcar_filter_v1_gen2_child0_2": {
        "id": "ffa_boxcar_filter_v1_gen2_child0_2",
        "code": "import numpy as np\nimport math\n\ndef boxcar_matched_filter(profile: np.ndarray, width: int) -> np.ndarray:\n    n = len(profile)\n    width = min(width, n)\n    extended = np.concatenate([profile, profile[:width-1]])\n    prefix = np.zeros(len(extended)+1)\n    prefix[1:] = np.cumsum(extended)\n    result = np.zeros(n)\n    \n    for i in range(n):\n        result[i] = (prefix[i+width] - prefix[i]) / np.sqrt(width)\n    \n    return result",
        "fitness_scores": {
            "correctness": 0.0,
            "runtime_ms": Infinity,
            "passed_tests": 0.0,
            "total_tests": 0.0,
            "highest_level_passed": -1.0
        },
        "generation": 2,
        "parent_id": "ffa_boxcar_filter_v1_gen0_prog0",
        "island_id": 0,
        "errors": [
            "Execution Error at Level 0 ('default_level'): Execution failed with exit code 1. Docker error: 'Traceback (most recent call last):\n  File \"/app/user_code/temp_script.py\", line 8, in <module>\n    import numpy as np\nModuleNotFoundError: No module named 'numpy''"
        ],
        "status": "failed_evaluation",
        "created_at": 1769671156.0879667,
        "task_id": null
    },
    "ffa_boxcar_filter_v1_gen2_child1_1": {
        "id": "ffa_boxcar_filter_v1_gen2_child1_1",
        "code": "import numpy as np\nimport math\n\ndef boxcar_matched_filter(profile: np.ndarray, width: int) -> np.ndarray:\n    n = len(profile)\n    width = min(width, n)\n    extended = np.concatenate([profile, profile[:width-1]])\n    prefix = np.zeros(len(extended)+1)\n    prefix[1:] = np.cumsum(extended)\n    result = np.zeros(n)\n    for i in range(n):\n        result[i] = (prefix[i+width] - prefix[i]) / np.sqrt(width)\n    return result",
        "fitness_scores": {
            "correctness": 0.0,
            "runtime_ms": Infinity,
            "passed_tests": 0.0,
            "total_tests": 0.0,
            "highest_level_passed": -1.0
        },
        "generation": 2,
        "parent_id": "ffa_boxcar_filter_v1_gen0_prog1",
        "island_id": 1,
        "errors": [
            "Execution Error at Level 0 ('default_level'): Execution failed with exit code 1. Docker error: 'Traceback (most recent call last):\n  File \"/app/user_code/temp_script.py\", line 8, in <module>\n    import numpy as np\nModuleNotFoundError: No module named 'numpy''"
        ],
        "status": "failed_evaluation",
        "created_at": 1769671155.6520424,
        "task_id": null
    },
    "ffa_boxcar_filter_v1_gen2_child1_2": {
        "id": "ffa_boxcar_filter_v1_gen2_child1_2",
        "code": "import numpy as np\nimport math\nimport math\n\ndef boxcar_matched_filter(profile: np.ndarray, width: int) -> np.ndarray:\n        n = len(profile)\n    width = min(width, n)\n        result = np.zeros(n)\n    for i in range(n):\n        result[i] = (prefix[i+width] - prefix[i]) / math.sqrt(width)\n    extended = np.concatenate([profile, profile[:width-1]])\n    prefix = np.zeros(len(extended)+1)\n    prefix[1:] = np.cumsum(extended)\n        result /= np.sqrt(width)  # Normalize by sqrt(width)\n    return result",
        "fitness_scores": {
            "correctness": 0.0,
            "runtime_ms": Infinity,
            "passed_tests": 0.0,
            "total_tests": 0.0
        },
        "generation": 2,
        "parent_id": "ffa_boxcar_filter_v1_gen0_prog1",
        "island_id": 1,
        "errors": [
            "SyntaxError: unindent does not match any outer indentation level at line 7, offset 26"
        ],
        "status": "failed_evaluation",
        "created_at": 1769671155.317119,
        "task_id": null
    }
}